Mon 11 Dec 2023 11:46:02 AM UTC Copying files started.
Mon 11 Dec 2023 11:46:03 AM UTC Files copied successfully.
Mon 11 Dec 2023 12:10:03 PM UTC Copying files started.
Mon 11 Dec 2023 12:10:03 PM UTC Files copied successfully.
Mon 11 Dec 2023 12:15:01 PM UTC Copying files started.
Mon 11 Dec 2023 12:15:02 PM UTC Files copied successfully.
Mon 11 Dec 2023 12:20:01 PM UTC Copying files started.
Mon 11 Dec 2023 12:20:02 PM UTC Files copied successfully.
Mon 11 Dec 2023 12:25:03 PM UTC Copying files started.
Mon 11 Dec 2023 12:25:03 PM UTC Files copied successfully.
Mon 11 Dec 2023 12:30:02 PM UTC Copying files started.
Mon 11 Dec 2023 12:30:02 PM UTC Files copied successfully.
Mon 11 Dec 2023 12:35:02 PM UTC Copying files started.
Mon 11 Dec 2023 12:35:03 PM UTC Files copied successfully.
Mon 11 Dec 2023 12:40:01 PM UTC Copying files started.
Mon 11 Dec 2023 12:40:02 PM UTC Files copied successfully.
Mon 11 Dec 2023 12:45:03 PM UTC Copying files started.
Mon 11 Dec 2023 12:45:03 PM UTC Error: Files could not be copied. Check the log for details.
Mon 11 Dec 2023 12:50:01 PM UTC Copying files started.
Mon 11 Dec 2023 12:50:02 PM UTC Error: Files could not be copied. Check the log for details.
Mon 11 Dec 2023 12:55:03 PM UTC Copying files started.
Mon 11 Dec 2023 12:55:03 PM UTC Error: Files could not be copied. Check the log for details.
Mon 11 Dec 2023 01:00:02 PM UTC Copying files started.
Mon 11 Dec 2023 01:00:03 PM UTC Error: Files could not be copied. Check the log for details.
Mon 11 Dec 2023 01:05:01 PM UTC Copying files started.
Mon 11 Dec 2023 01:05:02 PM UTC Error: Files could not be copied. Check the log for details.
Mon 11 Dec 2023 01:10:03 PM UTC Copying files started.
Mon 11 Dec 2023 01:10:03 PM UTC Error: Files could not be copied. Check the log for details.
Mon 11 Dec 2023 01:15:02 PM UTC Copying files started.
Mon 11 Dec 2023 01:15:03 PM UTC Error: Files could not be copied. Check the log for details.
Mon 11 Dec 2023 01:20:01 PM UTC Copying files started.
Mon 11 Dec 2023 01:20:02 PM UTC Error: Files could not be copied. Check the log for details.
Mon 11 Dec 2023 01:25:02 PM UTC Copying files started.
Mon 11 Dec 2023 01:25:03 PM UTC Error: Files could not be copied. Check the log for details.
Mon 11 Dec 2023 01:30:01 PM UTC Copying files started.
Mon 11 Dec 2023 01:30:02 PM UTC Error: Files could not be copied. Check the log for details.
Mon 11 Dec 2023 01:35:01 PM UTC Copying files started.
Mon 11 Dec 2023 01:35:02 PM UTC Error: Files could not be copied. Check the log for details.
Mon 11 Dec 2023 01:40:01 PM UTC Copying files started.
Mon 11 Dec 2023 01:40:02 PM UTC Error: Files could not be copied. Check the log for details.
Mon 11 Dec 2023 01:45:03 PM UTC Copying files started.
Mon 11 Dec 2023 01:45:03 PM UTC Error: Files could not be copied. Check the log for details.
Mon 11 Dec 2023 01:50:01 PM UTC Copying files started.
Mon 11 Dec 2023 01:50:02 PM UTC Error: Files could not be copied. Check the log for details.
Mon 11 Dec 2023 01:55:03 PM UTC Copying files started.
Mon 11 Dec 2023 01:55:03 PM UTC Error: Files could not be copied. Check the log for details.
Mon 11 Dec 2023 02:00:01 PM UTC Copying files started.
Mon 11 Dec 2023 02:00:02 PM UTC Error: Files could not be copied. Check the log for details.
Mon 11 Dec 2023 02:05:01 PM UTC Copying files started.
Mon 11 Dec 2023 02:05:03 PM UTC Error: Files could not be copied. Check the log for details.
Mon 11 Dec 2023 02:10:01 PM UTC Copying files started.
Mon 11 Dec 2023 02:10:02 PM UTC Error: Files could not be copied. Check the log for details.
Mon 11 Dec 2023 02:15:01 PM UTC Copying files started.
Mon 11 Dec 2023 02:15:02 PM UTC Error: Files could not be copied. Check the log for details.
Mon 11 Dec 2023 02:20:03 PM UTC Copying files started.
Mon 11 Dec 2023 02:20:03 PM UTC Error: Files could not be copied. Check the log for details.
Mon 11 Dec 2023 02:25:02 PM UTC Copying files started.
Mon 11 Dec 2023 02:25:02 PM UTC Error: Files could not be copied. Check the log for details.
Mon 11 Dec 2023 02:30:02 PM UTC Copying files started.
Mon 11 Dec 2023 02:30:03 PM UTC Error: Files could not be copied. Check the log for details.
Mon 11 Dec 2023 02:35:01 PM UTC Copying files started.
Mon 11 Dec 2023 02:35:01 PM UTC Error: Files could not be copied. Check the log for details.
Mon 11 Dec 2023 02:40:01 PM UTC Copying files started.
Mon 11 Dec 2023 02:40:02 PM UTC Error: Files could not be copied. Check the log for details.
Mon 11 Dec 2023 02:45:02 PM UTC Copying files started.
Mon 11 Dec 2023 02:45:03 PM UTC Error: Files could not be copied. Check the log for details.
Mon 11 Dec 2023 02:50:01 PM UTC Copying files started.
Mon 11 Dec 2023 02:50:02 PM UTC Error: Files could not be copied. Check the log for details.
Mon 11 Dec 2023 02:55:02 PM UTC Copying files started.
Mon 11 Dec 2023 02:55:03 PM UTC Error: Files could not be copied. Check the log for details.
Mon 11 Dec 2023 03:00:03 PM UTC Copying files started.
Mon 11 Dec 2023 03:00:03 PM UTC Error: Files could not be copied. Check the log for details.
Mon 11 Dec 2023 03:05:01 PM UTC Copying files started.
Mon 11 Dec 2023 03:05:01 PM UTC Error: Files could not be copied. Check the log for details.
Mon 11 Dec 2023 03:10:03 PM UTC Copying files started.
Mon 11 Dec 2023 03:10:03 PM UTC Error: Files could not be copied. Check the log for details.
Mon 11 Dec 2023 03:15:01 PM UTC Copying files started.
Mon 11 Dec 2023 03:15:02 PM UTC Error: Files could not be copied. Check the log for details.
Mon 11 Dec 2023 03:20:03 PM UTC Copying files started.
Mon 11 Dec 2023 03:20:03 PM UTC Error: Files could not be copied. Check the log for details.
Mon 11 Dec 2023 03:25:01 PM UTC Copying files started.
Mon 11 Dec 2023 03:25:02 PM UTC Error: Files could not be copied. Check the log for details.
Mon 11 Dec 2023 03:30:01 PM UTC Copying files started.
Mon 11 Dec 2023 03:30:03 PM UTC Error: Files could not be copied. Check the log for details.
Mon 11 Dec 2023 03:35:01 PM UTC Copying files started.
Mon 11 Dec 2023 03:35:03 PM UTC Error: Files could not be copied. Check the log for details.
Mon 11 Dec 2023 03:40:01 PM UTC Copying files started.
Mon 11 Dec 2023 03:40:02 PM UTC Error: Files could not be copied. Check the log for details.
Mon 11 Dec 2023 03:45:01 PM UTC Copying files started.
Mon 11 Dec 2023 03:45:02 PM UTC Error: Files could not be copied. Check the log for details.
Mon 11 Dec 2023 03:50:01 PM UTC Copying files started.
Mon 11 Dec 2023 03:50:02 PM UTC Error: Files could not be copied. Check the log for details.
Mon 11 Dec 2023 03:55:01 PM UTC Copying files started.
Mon 11 Dec 2023 03:55:02 PM UTC Error: Files could not be copied. Check the log for details.
Mon 11 Dec 2023 04:00:02 PM UTC Copying files started.
Mon 11 Dec 2023 04:00:03 PM UTC Error: Files could not be copied. Check the log for details.
Mon 11 Dec 2023 04:05:01 PM UTC Copying files started.
Mon 11 Dec 2023 04:05:02 PM UTC Error: Files could not be copied. Check the log for details.
Mon 11 Dec 2023 04:10:03 PM UTC Copying files started.
Mon 11 Dec 2023 04:10:03 PM UTC Error: Files could not be copied. Check the log for details.
Mon 11 Dec 2023 04:15:02 PM UTC Copying files started.
Mon 11 Dec 2023 04:15:02 PM UTC Error: Files could not be copied. Check the log for details.
Mon 11 Dec 2023 04:20:02 PM UTC Copying files started.
Mon 11 Dec 2023 04:20:02 PM UTC Error: Files could not be copied. Check the log for details.
Mon 11 Dec 2023 04:25:01 PM UTC Copying files started.
Mon 11 Dec 2023 04:25:01 PM UTC Error: Files could not be copied. Check the log for details.
Mon 11 Dec 2023 04:30:03 PM UTC Copying files started.
Mon 11 Dec 2023 04:30:03 PM UTC Error: Files could not be copied. Check the log for details.
Mon 11 Dec 2023 04:35:02 PM UTC Copying files started.
Mon 11 Dec 2023 04:35:02 PM UTC Error: Files could not be copied. Check the log for details.
Mon 11 Dec 2023 04:40:03 PM UTC Copying files started.
Mon 11 Dec 2023 04:40:03 PM UTC Error: Files could not be copied. Check the log for details.
Mon 11 Dec 2023 04:45:01 PM UTC Copying files started.
Mon 11 Dec 2023 04:45:02 PM UTC Error: Files could not be copied. Check the log for details.
Mon 11 Dec 2023 04:50:03 PM UTC Copying files started.
Mon 11 Dec 2023 04:50:03 PM UTC Error: Files could not be copied. Check the log for details.
Mon 11 Dec 2023 04:55:02 PM UTC Copying files started.
Mon 11 Dec 2023 04:55:02 PM UTC Error: Files could not be copied. Check the log for details.
Mon 11 Dec 2023 05:00:03 PM UTC Copying files started.
Mon 11 Dec 2023 05:00:03 PM UTC Error: Files could not be copied. Check the log for details.
Mon 11 Dec 2023 05:05:02 PM UTC Copying files started.
Mon 11 Dec 2023 05:05:02 PM UTC Error: Files could not be copied. Check the log for details.
Mon 11 Dec 2023 05:10:03 PM UTC Copying files started.
Mon 11 Dec 2023 05:10:03 PM UTC Error: Files could not be copied. Check the log for details.
Mon 11 Dec 2023 05:15:01 PM UTC Copying files started.
Mon 11 Dec 2023 05:15:02 PM UTC Error: Files could not be copied. Check the log for details.
Mon 11 Dec 2023 05:20:03 PM UTC Copying files started.
Mon 11 Dec 2023 05:20:03 PM UTC Error: Files could not be copied. Check the log for details.
Mon 11 Dec 2023 05:25:01 PM UTC Copying files started.
Mon 11 Dec 2023 05:25:02 PM UTC Error: Files could not be copied. Check the log for details.
Mon 11 Dec 2023 05:30:02 PM UTC Copying files started.
Mon 11 Dec 2023 05:30:03 PM UTC Error: Files could not be copied. Check the log for details.
Mon 11 Dec 2023 05:35:01 PM UTC Copying files started.
Mon 11 Dec 2023 05:35:02 PM UTC Error: Files could not be copied. Check the log for details.
Mon 11 Dec 2023 05:40:01 PM UTC Copying files started.
Mon 11 Dec 2023 05:40:02 PM UTC Error: Files could not be copied. Check the log for details.
Mon 11 Dec 2023 05:45:02 PM UTC Copying files started.
Mon 11 Dec 2023 05:45:03 PM UTC Error: Files could not be copied. Check the log for details.
Mon 11 Dec 2023 05:50:01 PM UTC Copying files started.
Mon 11 Dec 2023 05:50:01 PM UTC Error: Files could not be copied. Check the log for details.
Mon 11 Dec 2023 05:55:02 PM UTC Copying files started.
Mon 11 Dec 2023 05:55:03 PM UTC Error: Files could not be copied. Check the log for details.
Mon 11 Dec 2023 06:00:01 PM UTC Copying files started.
Mon 11 Dec 2023 06:00:03 PM UTC Error: Files could not be copied. Check the log for details.
Mon 11 Dec 2023 06:05:01 PM UTC Copying files started.
Mon 11 Dec 2023 06:05:02 PM UTC Error: Files could not be copied. Check the log for details.
Mon 11 Dec 2023 06:10:03 PM UTC Copying files started.
Mon 11 Dec 2023 06:10:03 PM UTC Error: Files could not be copied. Check the log for details.
Mon 11 Dec 2023 06:15:01 PM UTC Copying files started.
Mon 11 Dec 2023 06:15:02 PM UTC Error: Files could not be copied. Check the log for details.
Mon 11 Dec 2023 06:20:02 PM UTC Copying files started.
Mon 11 Dec 2023 06:20:03 PM UTC Error: Files could not be copied. Check the log for details.
Mon 11 Dec 2023 06:25:01 PM UTC Copying files started.
Mon 11 Dec 2023 06:25:02 PM UTC Error: Files could not be copied. Check the log for details.
Mon 11 Dec 2023 06:30:02 PM UTC Copying files started.
Mon 11 Dec 2023 06:30:03 PM UTC Error: Files could not be copied. Check the log for details.
Mon 11 Dec 2023 06:35:01 PM UTC Copying files started.
Mon 11 Dec 2023 06:35:02 PM UTC Error: Files could not be copied. Check the log for details.
Mon 11 Dec 2023 06:40:02 PM UTC Copying files started.
Mon 11 Dec 2023 06:40:02 PM UTC Error: Files could not be copied. Check the log for details.
Mon 11 Dec 2023 06:45:02 PM UTC Copying files started.
Mon 11 Dec 2023 06:45:03 PM UTC Error: Files could not be copied. Check the log for details.
Mon 11 Dec 2023 06:50:01 PM UTC Copying files started.
Mon 11 Dec 2023 06:50:01 PM UTC Error: Files could not be copied. Check the log for details.
Mon 11 Dec 2023 06:55:02 PM UTC Copying files started.
Mon 11 Dec 2023 06:55:03 PM UTC Error: Files could not be copied. Check the log for details.
Mon 11 Dec 2023 07:00:01 PM UTC Copying files started.
Mon 11 Dec 2023 07:00:02 PM UTC Error: Files could not be copied. Check the log for details.
Mon 11 Dec 2023 07:05:02 PM UTC Copying files started.
Mon 11 Dec 2023 07:05:03 PM UTC Error: Files could not be copied. Check the log for details.
Mon 11 Dec 2023 07:10:01 PM UTC Copying files started.
Mon 11 Dec 2023 07:10:02 PM UTC Error: Files could not be copied. Check the log for details.
Mon 11 Dec 2023 07:15:02 PM UTC Copying files started.
Mon 11 Dec 2023 07:15:03 PM UTC Error: Files could not be copied. Check the log for details.
Mon 11 Dec 2023 07:20:01 PM UTC Copying files started.
Mon 11 Dec 2023 07:20:02 PM UTC Error: Files could not be copied. Check the log for details.
Mon 11 Dec 2023 07:25:02 PM UTC Copying files started.
Mon 11 Dec 2023 07:25:02 PM UTC Error: Files could not be copied. Check the log for details.
Mon 11 Dec 2023 07:30:01 PM UTC Copying files started.
Mon 11 Dec 2023 07:30:02 PM UTC Error: Files could not be copied. Check the log for details.
Mon 11 Dec 2023 07:35:02 PM UTC Copying files started.
Mon 11 Dec 2023 07:35:03 PM UTC Error: Files could not be copied. Check the log for details.
Mon 11 Dec 2023 07:40:01 PM UTC Copying files started.
Mon 11 Dec 2023 07:40:01 PM UTC Error: Files could not be copied. Check the log for details.
Mon 11 Dec 2023 07:45:02 PM UTC Copying files started.
Mon 11 Dec 2023 07:45:03 PM UTC Error: Files could not be copied. Check the log for details.
Mon 11 Dec 2023 07:50:01 PM UTC Copying files started.
Mon 11 Dec 2023 07:50:02 PM UTC Error: Files could not be copied. Check the log for details.
Mon 11 Dec 2023 07:55:03 PM UTC Copying files started.
Mon 11 Dec 2023 07:55:03 PM UTC Error: Files could not be copied. Check the log for details.
Mon 11 Dec 2023 08:00:01 PM UTC Copying files started.
Mon 11 Dec 2023 08:00:02 PM UTC Error: Files could not be copied. Check the log for details.
Mon 11 Dec 2023 08:05:02 PM UTC Copying files started.
Mon 11 Dec 2023 08:05:02 PM UTC Error: Files could not be copied. Check the log for details.
Mon 11 Dec 2023 08:10:02 PM UTC Copying files started.
Mon 11 Dec 2023 08:10:02 PM UTC Error: Files could not be copied. Check the log for details.
Mon 11 Dec 2023 08:15:02 PM UTC Copying files started.
Mon 11 Dec 2023 08:15:03 PM UTC Error: Files could not be copied. Check the log for details.
Mon 11 Dec 2023 08:20:01 PM UTC Copying files started.
Mon 11 Dec 2023 08:20:02 PM UTC Error: Files could not be copied. Check the log for details.
Mon 11 Dec 2023 08:25:02 PM UTC Copying files started.
Mon 11 Dec 2023 08:25:02 PM UTC Error: Files could not be copied. Check the log for details.
Mon 11 Dec 2023 08:30:02 PM UTC Copying files started.
Mon 11 Dec 2023 08:30:03 PM UTC Error: Files could not be copied. Check the log for details.
Mon 11 Dec 2023 08:35:01 PM UTC Copying files started.
Mon 11 Dec 2023 08:35:02 PM UTC Error: Files could not be copied. Check the log for details.
Mon 11 Dec 2023 08:40:02 PM UTC Copying files started.
Mon 11 Dec 2023 08:40:03 PM UTC Error: Files could not be copied. Check the log for details.
Mon 11 Dec 2023 08:45:01 PM UTC Copying files started.
Mon 11 Dec 2023 08:45:02 PM UTC Error: Files could not be copied. Check the log for details.
Mon 11 Dec 2023 08:50:03 PM UTC Copying files started.
Mon 11 Dec 2023 08:50:03 PM UTC Error: Files could not be copied. Check the log for details.
Mon 11 Dec 2023 08:55:01 PM UTC Copying files started.
Mon 11 Dec 2023 08:55:02 PM UTC Error: Files could not be copied. Check the log for details.
Mon 11 Dec 2023 09:00:02 PM UTC Copying files started.
Mon 11 Dec 2023 09:00:03 PM UTC Error: Files could not be copied. Check the log for details.
Mon 11 Dec 2023 09:05:01 PM UTC Copying files started.
Mon 11 Dec 2023 09:05:02 PM UTC Error: Files could not be copied. Check the log for details.
Mon 11 Dec 2023 09:10:02 PM UTC Copying files started.
Mon 11 Dec 2023 09:10:02 PM UTC Error: Files could not be copied. Check the log for details.
Mon 11 Dec 2023 09:15:02 PM UTC Copying files started.
Mon 11 Dec 2023 09:15:03 PM UTC Error: Files could not be copied. Check the log for details.
Mon 11 Dec 2023 09:20:01 PM UTC Copying files started.
Mon 11 Dec 2023 09:20:02 PM UTC Error: Files could not be copied. Check the log for details.
Mon 11 Dec 2023 09:25:02 PM UTC Copying files started.
Mon 11 Dec 2023 09:25:02 PM UTC Error: Files could not be copied. Check the log for details.
Mon 11 Dec 2023 09:30:02 PM UTC Copying files started.
Mon 11 Dec 2023 09:30:03 PM UTC Error: Files could not be copied. Check the log for details.
Mon 11 Dec 2023 09:35:01 PM UTC Copying files started.
Mon 11 Dec 2023 09:35:01 PM UTC Error: Files could not be copied. Check the log for details.
Mon 11 Dec 2023 09:40:02 PM UTC Copying files started.
Mon 11 Dec 2023 09:40:02 PM UTC Error: Files could not be copied. Check the log for details.
Mon 11 Dec 2023 09:45:01 PM UTC Copying files started.
Mon 11 Dec 2023 09:45:02 PM UTC Error: Files could not be copied. Check the log for details.
Mon 11 Dec 2023 09:50:01 PM UTC Copying files started.
Mon 11 Dec 2023 09:50:02 PM UTC Error: Files could not be copied. Check the log for details.
Mon 11 Dec 2023 09:55:02 PM UTC Copying files started.
Mon 11 Dec 2023 09:55:02 PM UTC Error: Files could not be copied. Check the log for details.
Mon 11 Dec 2023 10:00:01 PM UTC Copying files started.
Mon 11 Dec 2023 10:00:02 PM UTC Error: Files could not be copied. Check the log for details.
Mon 11 Dec 2023 10:05:02 PM UTC Copying files started.
Mon 11 Dec 2023 10:05:02 PM UTC Error: Files could not be copied. Check the log for details.
Mon 11 Dec 2023 10:10:02 PM UTC Copying files started.
Mon 11 Dec 2023 10:10:02 PM UTC Error: Files could not be copied. Check the log for details.
Mon 11 Dec 2023 10:15:03 PM UTC Copying files started.
Mon 11 Dec 2023 10:15:03 PM UTC Error: Files could not be copied. Check the log for details.
Mon 11 Dec 2023 10:20:02 PM UTC Copying files started.
Mon 11 Dec 2023 10:20:02 PM UTC Error: Files could not be copied. Check the log for details.
Mon 11 Dec 2023 10:25:03 PM UTC Copying files started.
Mon 11 Dec 2023 10:25:03 PM UTC Error: Files could not be copied. Check the log for details.
Mon 11 Dec 2023 10:30:01 PM UTC Copying files started.
Mon 11 Dec 2023 10:30:02 PM UTC Error: Files could not be copied. Check the log for details.
Mon 11 Dec 2023 10:35:02 PM UTC Copying files started.
Mon 11 Dec 2023 10:35:02 PM UTC Error: Files could not be copied. Check the log for details.
Mon 11 Dec 2023 10:40:02 PM UTC Copying files started.
Mon 11 Dec 2023 10:40:02 PM UTC Error: Files could not be copied. Check the log for details.
Mon 11 Dec 2023 10:45:02 PM UTC Copying files started.
Mon 11 Dec 2023 10:45:03 PM UTC Error: Files could not be copied. Check the log for details.
Mon 11 Dec 2023 10:50:01 PM UTC Copying files started.
Mon 11 Dec 2023 10:50:02 PM UTC Error: Files could not be copied. Check the log for details.
Mon 11 Dec 2023 10:55:02 PM UTC Copying files started.
Mon 11 Dec 2023 10:55:03 PM UTC Error: Files could not be copied. Check the log for details.
Mon 11 Dec 2023 11:00:01 PM UTC Copying files started.
Mon 11 Dec 2023 11:00:02 PM UTC Error: Files could not be copied. Check the log for details.
Mon 11 Dec 2023 11:05:02 PM UTC Copying files started.
Mon 11 Dec 2023 11:05:02 PM UTC Error: Files could not be copied. Check the log for details.
Mon 11 Dec 2023 11:10:02 PM UTC Copying files started.
Mon 11 Dec 2023 11:10:03 PM UTC Error: Files could not be copied. Check the log for details.
Mon 11 Dec 2023 11:15:01 PM UTC Copying files started.
Mon 11 Dec 2023 11:15:02 PM UTC Error: Files could not be copied. Check the log for details.
Mon 11 Dec 2023 11:20:02 PM UTC Copying files started.
Mon 11 Dec 2023 11:20:03 PM UTC Error: Files could not be copied. Check the log for details.
Mon 11 Dec 2023 11:25:01 PM UTC Copying files started.
Mon 11 Dec 2023 11:25:02 PM UTC Error: Files could not be copied. Check the log for details.
Mon 11 Dec 2023 11:30:03 PM UTC Copying files started.
Mon 11 Dec 2023 11:30:03 PM UTC Error: Files could not be copied. Check the log for details.
Mon 11 Dec 2023 11:35:01 PM UTC Copying files started.
Mon 11 Dec 2023 11:35:02 PM UTC Error: Files could not be copied. Check the log for details.
Mon 11 Dec 2023 11:40:02 PM UTC Copying files started.
Mon 11 Dec 2023 11:40:03 PM UTC Error: Files could not be copied. Check the log for details.
Mon 11 Dec 2023 11:45:01 PM UTC Copying files started.
Mon 11 Dec 2023 11:45:02 PM UTC Error: Files could not be copied. Check the log for details.
Mon 11 Dec 2023 11:50:02 PM UTC Copying files started.
Mon 11 Dec 2023 11:50:02 PM UTC Error: Files could not be copied. Check the log for details.
Mon 11 Dec 2023 11:55:02 PM UTC Copying files started.
Mon 11 Dec 2023 11:55:02 PM UTC Error: Files could not be copied. Check the log for details.
Tue 12 Dec 2023 12:00:03 AM UTC Copying files started.
Tue 12 Dec 2023 12:00:03 AM UTC Error: Files could not be copied. Check the log for details.
Tue 12 Dec 2023 12:05:02 AM UTC Copying files started.
Tue 12 Dec 2023 12:05:02 AM UTC Error: Files could not be copied. Check the log for details.
Tue 12 Dec 2023 12:10:03 AM UTC Copying files started.
Tue 12 Dec 2023 12:10:03 AM UTC Error: Files could not be copied. Check the log for details.
Tue 12 Dec 2023 12:15:01 AM UTC Copying files started.
Tue 12 Dec 2023 12:15:02 AM UTC Error: Files could not be copied. Check the log for details.
Tue 12 Dec 2023 12:20:01 AM UTC Copying files started.
Tue 12 Dec 2023 12:20:02 AM UTC Error: Files could not be copied. Check the log for details.
Tue 12 Dec 2023 12:25:02 AM UTC Copying files started.
Tue 12 Dec 2023 12:25:02 AM UTC Error: Files could not be copied. Check the log for details.
Tue 12 Dec 2023 12:30:01 AM UTC Copying files started.
Tue 12 Dec 2023 12:30:01 AM UTC Error: Files could not be copied. Check the log for details.
Tue 12 Dec 2023 12:35:02 AM UTC Copying files started.
Tue 12 Dec 2023 12:35:03 AM UTC Error: Files could not be copied. Check the log for details.
Tue 12 Dec 2023 12:40:01 AM UTC Copying files started.
Tue 12 Dec 2023 12:40:02 AM UTC Error: Files could not be copied. Check the log for details.
Tue 12 Dec 2023 12:45:02 AM UTC Copying files started.
Tue 12 Dec 2023 12:45:02 AM UTC Error: Files could not be copied. Check the log for details.
Tue 12 Dec 2023 12:50:01 AM UTC Copying files started.
Tue 12 Dec 2023 12:50:01 AM UTC Error: Files could not be copied. Check the log for details.
Tue 12 Dec 2023 12:55:02 AM UTC Copying files started.
Tue 12 Dec 2023 12:55:03 AM UTC Error: Files could not be copied. Check the log for details.
Tue 12 Dec 2023 01:00:02 AM UTC Copying files started.
Tue 12 Dec 2023 01:00:03 AM UTC Error: Files could not be copied. Check the log for details.
Tue 12 Dec 2023 01:05:01 AM UTC Copying files started.
Tue 12 Dec 2023 01:05:02 AM UTC Error: Files could not be copied. Check the log for details.
Tue 12 Dec 2023 01:10:02 AM UTC Copying files started.
Tue 12 Dec 2023 01:10:03 AM UTC Error: Files could not be copied. Check the log for details.
Tue 12 Dec 2023 01:15:01 AM UTC Copying files started.
Tue 12 Dec 2023 01:15:02 AM UTC Error: Files could not be copied. Check the log for details.
Tue 12 Dec 2023 01:20:01 AM UTC Copying files started.
Tue 12 Dec 2023 01:20:02 AM UTC Error: Files could not be copied. Check the log for details.
Tue 12 Dec 2023 01:25:02 AM UTC Copying files started.
Tue 12 Dec 2023 01:25:02 AM UTC Error: Files could not be copied. Check the log for details.
Tue 12 Dec 2023 01:30:02 AM UTC Copying files started.
Tue 12 Dec 2023 01:30:02 AM UTC Error: Files could not be copied. Check the log for details.
Tue 12 Dec 2023 01:35:02 AM UTC Copying files started.
Tue 12 Dec 2023 01:35:03 AM UTC Error: Files could not be copied. Check the log for details.
Tue 12 Dec 2023 01:40:01 AM UTC Copying files started.
Tue 12 Dec 2023 01:40:01 AM UTC Error: Files could not be copied. Check the log for details.
Tue 12 Dec 2023 01:45:03 AM UTC Copying files started.
Tue 12 Dec 2023 01:45:03 AM UTC Error: Files could not be copied. Check the log for details.
Tue 12 Dec 2023 01:50:01 AM UTC Copying files started.
Tue 12 Dec 2023 01:50:02 AM UTC Error: Files could not be copied. Check the log for details.
Tue 12 Dec 2023 01:55:02 AM UTC Copying files started.
Tue 12 Dec 2023 01:55:03 AM UTC Error: Files could not be copied. Check the log for details.
Tue 12 Dec 2023 02:00:01 AM UTC Copying files started.
Tue 12 Dec 2023 02:00:02 AM UTC Error: Files could not be copied. Check the log for details.
Tue 12 Dec 2023 02:05:01 AM UTC Copying files started.
Tue 12 Dec 2023 02:05:02 AM UTC Error: Files could not be copied. Check the log for details.
Tue 12 Dec 2023 02:10:02 AM UTC Copying files started.
Tue 12 Dec 2023 02:10:02 AM UTC Error: Files could not be copied. Check the log for details.
Tue 12 Dec 2023 02:15:02 AM UTC Copying files started.
Tue 12 Dec 2023 02:15:02 AM UTC Error: Files could not be copied. Check the log for details.
Tue 12 Dec 2023 02:20:03 AM UTC Copying files started.
Tue 12 Dec 2023 02:20:03 AM UTC Error: Files could not be copied. Check the log for details.
Tue 12 Dec 2023 02:25:01 AM UTC Copying files started.
Tue 12 Dec 2023 02:25:02 AM UTC Error: Files could not be copied. Check the log for details.
Tue 12 Dec 2023 02:30:02 AM UTC Copying files started.
Tue 12 Dec 2023 02:30:02 AM UTC Error: Files could not be copied. Check the log for details.
Tue 12 Dec 2023 02:35:02 AM UTC Copying files started.
Tue 12 Dec 2023 02:35:02 AM UTC Error: Files could not be copied. Check the log for details.
Tue 12 Dec 2023 02:40:02 AM UTC Copying files started.
Tue 12 Dec 2023 02:40:03 AM UTC Error: Files could not be copied. Check the log for details.
Tue 12 Dec 2023 02:45:01 AM UTC Copying files started.
Tue 12 Dec 2023 02:45:02 AM UTC Error: Files could not be copied. Check the log for details.
Tue 12 Dec 2023 02:50:02 AM UTC Copying files started.
Tue 12 Dec 2023 02:50:02 AM UTC Error: Files could not be copied. Check the log for details.
Tue 12 Dec 2023 02:55:01 AM UTC Copying files started.
Tue 12 Dec 2023 02:55:01 AM UTC Error: Files could not be copied. Check the log for details.
Tue 12 Dec 2023 03:00:03 AM UTC Copying files started.
Tue 12 Dec 2023 03:00:03 AM UTC Error: Files could not be copied. Check the log for details.
Tue 12 Dec 2023 03:05:01 AM UTC Copying files started.
Tue 12 Dec 2023 03:05:02 AM UTC Error: Files could not be copied. Check the log for details.
Tue 12 Dec 2023 03:10:01 AM UTC Copying files started.
Tue 12 Dec 2023 03:10:02 AM UTC Error: Files could not be copied. Check the log for details.
Tue 12 Dec 2023 03:15:02 AM UTC Copying files started.
Tue 12 Dec 2023 03:15:02 AM UTC Error: Files could not be copied. Check the log for details.
Tue 12 Dec 2023 03:20:01 AM UTC Copying files started.
Tue 12 Dec 2023 03:20:02 AM UTC Error: Files could not be copied. Check the log for details.
Tue 12 Dec 2023 03:25:02 AM UTC Copying files started.
Tue 12 Dec 2023 03:25:02 AM UTC Error: Files could not be copied. Check the log for details.
Tue 12 Dec 2023 03:30:02 AM UTC Copying files started.
Tue 12 Dec 2023 03:30:03 AM UTC Error: Files could not be copied. Check the log for details.
Tue 12 Dec 2023 03:35:01 AM UTC Copying files started.
Tue 12 Dec 2023 03:35:02 AM UTC Error: Files could not be copied. Check the log for details.
Tue 12 Dec 2023 03:40:01 AM UTC Copying files started.
Tue 12 Dec 2023 03:40:02 AM UTC Error: Files could not be copied. Check the log for details.
Tue 12 Dec 2023 03:45:02 AM UTC Copying files started.
Tue 12 Dec 2023 03:45:02 AM UTC Error: Files could not be copied. Check the log for details.
Tue 12 Dec 2023 03:50:01 AM UTC Copying files started.
Tue 12 Dec 2023 03:50:01 AM UTC Error: Files could not be copied. Check the log for details.
Tue 12 Dec 2023 03:55:02 AM UTC Copying files started.
Tue 12 Dec 2023 03:55:03 AM UTC Error: Files could not be copied. Check the log for details.
Tue 12 Dec 2023 04:00:01 AM UTC Copying files started.
Tue 12 Dec 2023 04:00:01 AM UTC Error: Files could not be copied. Check the log for details.
Tue 12 Dec 2023 04:05:02 AM UTC Copying files started.
Tue 12 Dec 2023 04:05:03 AM UTC Error: Files could not be copied. Check the log for details.
Tue 12 Dec 2023 04:10:01 AM UTC Copying files started.
Tue 12 Dec 2023 04:10:01 AM UTC Error: Files could not be copied. Check the log for details.
Tue 12 Dec 2023 04:15:02 AM UTC Copying files started.
Tue 12 Dec 2023 04:15:03 AM UTC Error: Files could not be copied. Check the log for details.
Tue 12 Dec 2023 04:20:01 AM UTC Copying files started.
Tue 12 Dec 2023 04:20:02 AM UTC Error: Files could not be copied. Check the log for details.
Tue 12 Dec 2023 04:25:02 AM UTC Copying files started.
Tue 12 Dec 2023 04:25:02 AM UTC Error: Files could not be copied. Check the log for details.
Tue 12 Dec 2023 04:30:02 AM UTC Copying files started.
Tue 12 Dec 2023 04:30:03 AM UTC Error: Files could not be copied. Check the log for details.
Tue 12 Dec 2023 04:35:01 AM UTC Copying files started.
Tue 12 Dec 2023 04:35:02 AM UTC Error: Files could not be copied. Check the log for details.
Tue 12 Dec 2023 04:40:03 AM UTC Copying files started.
Tue 12 Dec 2023 04:40:04 AM UTC Error: Files could not be copied. Check the log for details.
Tue 12 Dec 2023 04:45:03 AM UTC Copying files started.
Tue 12 Dec 2023 04:45:03 AM UTC Error: Files could not be copied. Check the log for details.
Tue 12 Dec 2023 04:50:01 AM UTC Copying files started.
Tue 12 Dec 2023 04:50:02 AM UTC Error: Files could not be copied. Check the log for details.
Tue 12 Dec 2023 04:55:01 AM UTC Copying files started.
Tue 12 Dec 2023 04:55:02 AM UTC Error: Files could not be copied. Check the log for details.
Tue 12 Dec 2023 05:00:01 AM UTC Copying files started.
Tue 12 Dec 2023 05:00:02 AM UTC Error: Files could not be copied. Check the log for details.
Tue 12 Dec 2023 05:05:02 AM UTC Copying files started.
Tue 12 Dec 2023 05:05:02 AM UTC Error: Files could not be copied. Check the log for details.
Tue 12 Dec 2023 05:10:02 AM UTC Copying files started.
Tue 12 Dec 2023 05:10:02 AM UTC Error: Files could not be copied. Check the log for details.
Tue 12 Dec 2023 05:15:02 AM UTC Copying files started.
Tue 12 Dec 2023 05:15:03 AM UTC Error: Files could not be copied. Check the log for details.
Tue 12 Dec 2023 05:20:01 AM UTC Copying files started.
Tue 12 Dec 2023 05:20:01 AM UTC Error: Files could not be copied. Check the log for details.
Tue 12 Dec 2023 05:25:03 AM UTC Copying files started.
Tue 12 Dec 2023 05:25:03 AM UTC Error: Files could not be copied. Check the log for details.
Tue 12 Dec 2023 05:30:02 AM UTC Copying files started.
Tue 12 Dec 2023 05:30:02 AM UTC Error: Files could not be copied. Check the log for details.
Tue 12 Dec 2023 05:35:02 AM UTC Copying files started.
Tue 12 Dec 2023 05:35:03 AM UTC Error: Files could not be copied. Check the log for details.
Tue 12 Dec 2023 05:40:02 AM UTC Copying files started.
Tue 12 Dec 2023 05:40:03 AM UTC Error: Files could not be copied. Check the log for details.
Tue 12 Dec 2023 05:45:01 AM UTC Copying files started.
Tue 12 Dec 2023 05:45:02 AM UTC Error: Files could not be copied. Check the log for details.
Tue 12 Dec 2023 05:50:03 AM UTC Copying files started.
Tue 12 Dec 2023 05:50:03 AM UTC Error: Files could not be copied. Check the log for details.
Tue 12 Dec 2023 05:55:02 AM UTC Copying files started.
Tue 12 Dec 2023 05:55:02 AM UTC Error: Files could not be copied. Check the log for details.
Tue 12 Dec 2023 06:00:03 AM UTC Copying files started.
Tue 12 Dec 2023 06:00:03 AM UTC Error: Files could not be copied. Check the log for details.
Tue 12 Dec 2023 06:05:02 AM UTC Copying files started.
Tue 12 Dec 2023 06:05:02 AM UTC Error: Files could not be copied. Check the log for details.
Tue 12 Dec 2023 06:10:02 AM UTC Copying files started.
Tue 12 Dec 2023 06:10:03 AM UTC Error: Files could not be copied. Check the log for details.
Tue 12 Dec 2023 06:15:01 AM UTC Copying files started.
Tue 12 Dec 2023 06:15:02 AM UTC Error: Files could not be copied. Check the log for details.
Tue 12 Dec 2023 06:20:02 AM UTC Copying files started.
Tue 12 Dec 2023 06:20:02 AM UTC Error: Files could not be copied. Check the log for details.
Tue 12 Dec 2023 06:25:02 AM UTC Copying files started.
Tue 12 Dec 2023 06:25:03 AM UTC Error: Files could not be copied. Check the log for details.
Tue 12 Dec 2023 06:30:01 AM UTC Copying files started.
Tue 12 Dec 2023 06:30:03 AM UTC Error: Files could not be copied. Check the log for details.
Tue 12 Dec 2023 06:35:02 AM UTC Copying files started.
Tue 12 Dec 2023 06:35:02 AM UTC Error: Files could not be copied. Check the log for details.
Tue 12 Dec 2023 06:40:02 AM UTC Copying files started.
Tue 12 Dec 2023 06:40:03 AM UTC Error: Files could not be copied. Check the log for details.
Tue 12 Dec 2023 06:45:01 AM UTC Copying files started.
Tue 12 Dec 2023 06:45:02 AM UTC Error: Files could not be copied. Check the log for details.
Tue 12 Dec 2023 06:50:02 AM UTC Copying files started.
Tue 12 Dec 2023 06:50:03 AM UTC Error: Files could not be copied. Check the log for details.
Tue 12 Dec 2023 06:55:01 AM UTC Copying files started.
Tue 12 Dec 2023 06:55:02 AM UTC Error: Files could not be copied. Check the log for details.
Tue 12 Dec 2023 07:00:01 AM UTC Copying files started.
Tue 12 Dec 2023 07:00:02 AM UTC Error: Files could not be copied. Check the log for details.
Tue 12 Dec 2023 07:05:02 AM UTC Copying files started.
Tue 12 Dec 2023 07:05:02 AM UTC Error: Files could not be copied. Check the log for details.
Tue 12 Dec 2023 07:10:02 AM UTC Copying files started.
Tue 12 Dec 2023 07:10:02 AM UTC Error: Files could not be copied. Check the log for details.
Tue 12 Dec 2023 07:15:02 AM UTC Copying files started.
Tue 12 Dec 2023 07:15:03 AM UTC Error: Files could not be copied. Check the log for details.
Tue 12 Dec 2023 07:20:01 AM UTC Copying files started.
Tue 12 Dec 2023 07:20:02 AM UTC Error: Files could not be copied. Check the log for details.
Tue 12 Dec 2023 07:25:02 AM UTC Copying files started.
Tue 12 Dec 2023 07:25:03 AM UTC Error: Files could not be copied. Check the log for details.
Tue 12 Dec 2023 07:30:01 AM UTC Copying files started.
Tue 12 Dec 2023 07:30:03 AM UTC Error: Files could not be copied. Check the log for details.
Tue 12 Dec 2023 07:35:01 AM UTC Copying files started.
Tue 12 Dec 2023 07:35:02 AM UTC Error: Files could not be copied. Check the log for details.
Tue 12 Dec 2023 07:40:02 AM UTC Copying files started.
Tue 12 Dec 2023 07:40:02 AM UTC Error: Files could not be copied. Check the log for details.
Tue 12 Dec 2023 07:45:01 AM UTC Copying files started.
Tue 12 Dec 2023 07:45:02 AM UTC Error: Files could not be copied. Check the log for details.
Tue 12 Dec 2023 07:50:03 AM UTC Copying files started.
Tue 12 Dec 2023 07:50:03 AM UTC Error: Files could not be copied. Check the log for details.
Tue 12 Dec 2023 07:55:02 AM UTC Copying files started.
Tue 12 Dec 2023 07:55:02 AM UTC Error: Files could not be copied. Check the log for details.
Tue 12 Dec 2023 08:00:02 AM UTC Copying files started.
Tue 12 Dec 2023 08:00:02 AM UTC Error: Files could not be copied. Check the log for details.
Tue 12 Dec 2023 08:05:02 AM UTC Copying files started.
Tue 12 Dec 2023 08:05:03 AM UTC Error: Files could not be copied. Check the log for details.
Tue 12 Dec 2023 08:10:01 AM UTC Copying files started.
Tue 12 Dec 2023 08:10:02 AM UTC Error: Files could not be copied. Check the log for details.
Tue 12 Dec 2023 08:15:02 AM UTC Copying files started.
Tue 12 Dec 2023 08:15:02 AM UTC Error: Files could not be copied. Check the log for details.
Tue 12 Dec 2023 08:20:03 AM UTC Copying files started.
Tue 12 Dec 2023 08:20:03 AM UTC Error: Files could not be copied. Check the log for details.
Tue 12 Dec 2023 08:25:01 AM UTC Copying files started.
Tue 12 Dec 2023 08:25:01 AM UTC Error: Files could not be copied. Check the log for details.
Tue 12 Dec 2023 08:30:02 AM UTC Copying files started.
Tue 12 Dec 2023 08:30:03 AM UTC Error: Files could not be copied. Check the log for details.
Tue 12 Dec 2023 08:35:01 AM UTC Copying files started.
Tue 12 Dec 2023 08:35:02 AM UTC Error: Files could not be copied. Check the log for details.
Tue 12 Dec 2023 08:40:03 AM UTC Copying files started.
Tue 12 Dec 2023 08:40:03 AM UTC Error: Files could not be copied. Check the log for details.
Tue 12 Dec 2023 08:45:02 AM UTC Copying files started.
Tue 12 Dec 2023 08:45:03 AM UTC Error: Files could not be copied. Check the log for details.
Tue 12 Dec 2023 08:50:01 AM UTC Copying files started.
Tue 12 Dec 2023 08:50:02 AM UTC Error: Files could not be copied. Check the log for details.
Tue 12 Dec 2023 08:55:02 AM UTC Copying files started.
Tue 12 Dec 2023 08:55:02 AM UTC Error: Files could not be copied. Check the log for details.
Tue 12 Dec 2023 09:00:02 AM UTC Copying files started.
Tue 12 Dec 2023 09:00:03 AM UTC Error: Files could not be copied. Check the log for details.
Tue 12 Dec 2023 09:05:01 AM UTC Copying files started.
Tue 12 Dec 2023 09:05:02 AM UTC Error: Files could not be copied. Check the log for details.
Tue 12 Dec 2023 09:10:03 AM UTC Copying files started.
Tue 12 Dec 2023 09:10:03 AM UTC Error: Files could not be copied. Check the log for details.
Tue 12 Dec 2023 09:15:01 AM UTC Copying files started.
Tue 12 Dec 2023 09:15:02 AM UTC Error: Files could not be copied. Check the log for details.
Tue 12 Dec 2023 09:20:02 AM UTC Copying files started.
Tue 12 Dec 2023 09:20:03 AM UTC Error: Files could not be copied. Check the log for details.
Tue 12 Dec 2023 09:25:02 AM UTC Copying files started.
Tue 12 Dec 2023 09:25:03 AM UTC Error: Files could not be copied. Check the log for details.
Tue 12 Dec 2023 09:30:03 AM UTC Copying files started.
Tue 12 Dec 2023 09:30:03 AM UTC Error: Files could not be copied. Check the log for details.
Tue 12 Dec 2023 09:35:02 AM UTC Copying files started.
Tue 12 Dec 2023 09:35:03 AM UTC Error: Files could not be copied. Check the log for details.
Tue 12 Dec 2023 09:40:01 AM UTC Copying files started.
Tue 12 Dec 2023 09:40:02 AM UTC Error: Files could not be copied. Check the log for details.
Tue 12 Dec 2023 09:45:02 AM UTC Copying files started.
Tue 12 Dec 2023 09:45:02 AM UTC Error: Files could not be copied. Check the log for details.
Tue 12 Dec 2023 09:50:02 AM UTC Copying files started.
Tue 12 Dec 2023 09:50:03 AM UTC Error: Files could not be copied. Check the log for details.
Tue 12 Dec 2023 09:55:01 AM UTC Copying files started.
